0 info it worked if it ends with ok
1 verbose cli [ 'C:\\Program Files\\nodejs\\node.exe',
1 verbose cli   'C:\\Program Files\\nodejs\\node_modules\\npm\\bin\\npm-cli.js',
1 verbose cli   'install',
1 verbose cli   'ngstorage' ]
2 info using npm@2.15.1
3 info using node@v4.4.4
4 verbose install initial load of C:\Users\bscott\Desktop\fhir-reader\package.json
5 verbose installManyTop reading scoped package data from C:\Users\bscott\Desktop\fhir-reader\node_modules\angular\package.json
6 verbose installManyTop reading scoped package data from C:\Users\bscott\Desktop\fhir-reader\node_modules\angular-animate\package.json
7 verbose installManyTop reading scoped package data from C:\Users\bscott\Desktop\fhir-reader\node_modules\angular-aria\package.json
8 verbose installManyTop reading scoped package data from C:\Users\bscott\Desktop\fhir-reader\node_modules\angular-material\package.json
9 verbose installManyTop reading scoped package data from C:\Users\bscott\Desktop\fhir-reader\node_modules\angular-material-data-table\package.json
10 verbose installManyTop reading scoped package data from C:\Users\bscott\Desktop\fhir-reader\node_modules\angular-material-sidemenu\package.json
11 verbose installManyTop reading scoped package data from C:\Users\bscott\Desktop\fhir-reader\node_modules\angular-messages\package.json
12 verbose installManyTop reading scoped package data from C:\Users\bscott\Desktop\fhir-reader\node_modules\angular-mocks\package.json
13 verbose installManyTop reading scoped package data from C:\Users\bscott\Desktop\fhir-reader\node_modules\angular-resource\package.json
14 verbose installManyTop reading scoped package data from C:\Users\bscott\Desktop\fhir-reader\node_modules\angular-route\package.json
15 verbose installManyTop reading scoped package data from C:\Users\bscott\Desktop\fhir-reader\node_modules\angular-sanitize\package.json
16 verbose installManyTop reading scoped package data from C:\Users\bscott\Desktop\fhir-reader\node_modules\angular-spinner\package.json
17 verbose installManyTop reading scoped package data from C:\Users\bscott\Desktop\fhir-reader\node_modules\angular-ui-router\package.json
18 verbose installManyTop reading scoped package data from C:\Users\bscott\Desktop\fhir-reader\node_modules\angularfire\package.json
19 verbose installManyTop reading scoped package data from C:\Users\bscott\Desktop\fhir-reader\node_modules\bower\package.json
20 verbose installManyTop reading scoped package data from C:\Users\bscott\Desktop\fhir-reader\node_modules\firebase\package.json
21 verbose installManyTop reading scoped package data from C:\Users\bscott\Desktop\fhir-reader\node_modules\http-server\package.json
22 verbose installManyTop reading scoped package data from C:\Users\bscott\Desktop\fhir-reader\node_modules\jasmine-core\package.json
23 verbose installManyTop reading scoped package data from C:\Users\bscott\Desktop\fhir-reader\node_modules\karma\package.json
24 verbose installManyTop reading scoped package data from C:\Users\bscott\Desktop\fhir-reader\node_modules\karma-chrome-launcher\package.json
25 verbose installManyTop reading scoped package data from C:\Users\bscott\Desktop\fhir-reader\node_modules\karma-jasmine\package.json
26 verbose installManyTop reading scoped package data from C:\Users\bscott\Desktop\fhir-reader\node_modules\karma-ng-html2js-preprocessor\package.json
27 verbose installManyTop reading scoped package data from C:\Users\bscott\Desktop\fhir-reader\node_modules\live-server\package.json
28 info package.json angular-material@1.1.1-master-f6dedff No license field.
29 info package.json firebase@3.5.2 No license field.
30 info package.json http-server@0.6.1 No license field.
31 info package.json karma-jasmine@1.0.2 No README data
32 info package.json angular-material-sidemenu@1.0.2 No license field.
33 verbose readDependencies loading dependencies from C:\Users\bscott\Desktop\fhir-reader\package.json
34 silly cache add args [ 'ngstorage', null ]
35 verbose cache add spec ngstorage
36 silly cache add parsed spec Result {
36 silly cache add   raw: 'ngstorage',
36 silly cache add   scope: null,
36 silly cache add   name: 'ngstorage',
36 silly cache add   rawSpec: '',
36 silly cache add   spec: 'latest',
36 silly cache add   type: 'tag' }
37 silly addNamed ngstorage@latest
38 verbose addNamed "latest" is being treated as a dist-tag for ngstorage
39 info addNameTag [ 'ngstorage', 'latest' ]
40 silly mapToRegistry name ngstorage
41 silly mapToRegistry using default registry
42 silly mapToRegistry registry https://registry.npmjs.org/
43 silly mapToRegistry data Result {
43 silly mapToRegistry   raw: 'ngstorage',
43 silly mapToRegistry   scope: null,
43 silly mapToRegistry   name: 'ngstorage',
43 silly mapToRegistry   rawSpec: '',
43 silly mapToRegistry   spec: 'latest',
43 silly mapToRegistry   type: 'tag' }
44 silly mapToRegistry uri https://registry.npmjs.org/ngstorage
45 verbose addNameTag registry:https://registry.npmjs.org/ngstorage not in flight; fetching
46 verbose request uri https://registry.npmjs.org/ngstorage
47 verbose request no auth needed
48 info attempt registry request try #1 at 9:47:17 PM
49 verbose request id cc166274f6f179ad
50 http request GET https://registry.npmjs.org/ngstorage
51 http 200 https://registry.npmjs.org/ngstorage
52 verbose headers { server: 'nginx/1.10.1',
52 verbose headers   'content-type': 'application/json',
52 verbose headers   'last-modified': 'Mon, 01 Aug 2016 06:43:33 GMT',
52 verbose headers   etag: 'W/"579eef95-4cc4"',
52 verbose headers   'content-encoding': 'gzip',
52 verbose headers   'cache-control': 'max-age=300',
52 verbose headers   'content-length': '4683',
52 verbose headers   'accept-ranges': 'bytes',
52 verbose headers   date: 'Tue, 15 Nov 2016 02:47:18 GMT',
52 verbose headers   via: '1.1 varnish',
52 verbose headers   age: '0',
52 verbose headers   connection: 'keep-alive',
52 verbose headers   'x-served-by': 'cache-jfk8131-JFK',
52 verbose headers   'x-cache': 'MISS',
52 verbose headers   'x-cache-hits': '0',
52 verbose headers   'x-timer': 'S1479178037.961363,VS0,VE68',
52 verbose headers   vary: 'Accept-Encoding' }
53 silly get cb [ 200,
53 silly get   { server: 'nginx/1.10.1',
53 silly get     'content-type': 'application/json',
53 silly get     'last-modified': 'Mon, 01 Aug 2016 06:43:33 GMT',
53 silly get     etag: 'W/"579eef95-4cc4"',
53 silly get     'content-encoding': 'gzip',
53 silly get     'cache-control': 'max-age=300',
53 silly get     'content-length': '4683',
53 silly get     'accept-ranges': 'bytes',
53 silly get     date: 'Tue, 15 Nov 2016 02:47:18 GMT',
53 silly get     via: '1.1 varnish',
53 silly get     age: '0',
53 silly get     connection: 'keep-alive',
53 silly get     'x-served-by': 'cache-jfk8131-JFK',
53 silly get     'x-cache': 'MISS',
53 silly get     'x-cache-hits': '0',
53 silly get     'x-timer': 'S1479178037.961363,VS0,VE68',
53 silly get     vary: 'Accept-Encoding' } ]
54 verbose get saving ngstorage to C:\Users\bscott\AppData\Roaming\npm-cache\registry.npmjs.org\ngstorage\.cache.json
55 verbose correctMkdir C:\Users\bscott\AppData\Roaming\npm-cache correctMkdir not in flight; initializing
56 silly addNameTag next cb for ngstorage with tag latest
57 silly addNamed ngstorage@0.3.11
58 verbose addNamed "0.3.11" is a plain semver version for ngstorage
59 silly mapToRegistry name ngstorage
60 silly mapToRegistry using default registry
61 silly mapToRegistry registry https://registry.npmjs.org/
62 silly mapToRegistry data Result {
62 silly mapToRegistry   raw: 'ngstorage',
62 silly mapToRegistry   scope: null,
62 silly mapToRegistry   name: 'ngstorage',
62 silly mapToRegistry   rawSpec: '',
62 silly mapToRegistry   spec: 'latest',
62 silly mapToRegistry   type: 'tag' }
63 silly mapToRegistry uri https://registry.npmjs.org/ngstorage
64 verbose addRemoteTarball https://registry.npmjs.org/ngstorage/-/ngstorage-0.3.11.tgz not in flight; adding
65 verbose addRemoteTarball [ 'https://registry.npmjs.org/ngstorage/-/ngstorage-0.3.11.tgz',
65 verbose addRemoteTarball   '1637c45b872d909d9cc7e18b374898d50b2e844f' ]
66 info retry fetch attempt 1 at 9:47:18 PM
67 info attempt registry request try #1 at 9:47:18 PM
68 http fetch GET https://registry.npmjs.org/ngstorage/-/ngstorage-0.3.11.tgz
69 http fetch 200 https://registry.npmjs.org/ngstorage/-/ngstorage-0.3.11.tgz
70 silly fetchAndShaCheck shasum 1637c45b872d909d9cc7e18b374898d50b2e844f
71 verbose addTmpTarball C:\Users\bscott\AppData\Local\Temp\npm-18144-8ac0404a\registry.npmjs.org\ngstorage\-\ngstorage-0.3.11.tgz not in flight; adding
72 verbose addTmpTarball already have metadata; skipping unpack for ngstorage@0.3.11
73 verbose correctMkdir C:\Users\bscott\AppData\Roaming\npm-cache correctMkdir not in flight; initializing
74 silly cache afterAdd ngstorage@0.3.11
75 verbose afterAdd C:\Users\bscott\AppData\Roaming\npm-cache\ngstorage\0.3.11\package\package.json not in flight; writing
76 verbose correctMkdir C:\Users\bscott\AppData\Roaming\npm-cache correctMkdir not in flight; initializing
77 verbose afterAdd C:\Users\bscott\AppData\Roaming\npm-cache\ngstorage\0.3.11\package\package.json written
78 silly install resolved [ { name: 'ngstorage',
78 silly install resolved     version: '0.3.11',
78 silly install resolved     author: { name: 'Gias Kay Lee' },
78 silly install resolved     licenses: [ [Object] ],
78 silly install resolved     repository:
78 silly install resolved      { type: 'git',
78 silly install resolved        url: 'git+https://github.com/gsklee/ngStorage.git' },
78 silly install resolved     main: 'ngStorage.js',
78 silly install resolved     scripts: { test: 'grunt test' },
78 silly install resolved     devDependencies:
78 silly install resolved      { bower: '^1.x',
78 silly install resolved        grunt: '^0.4.1',
78 silly install resolved        'grunt-cli': '^0.1.11',
78 silly install resolved        'grunt-contrib-uglify': '^0.x',
78 silly install resolved        'grunt-karma': '^0.x',
78 silly install resolved        karma: '^0.13.2',
78 silly install resolved        'karma-chrome-launcher': '^0.2.0',
78 silly install resolved        'karma-firefox-launcher': '^0.1.3',
78 silly install resolved        'karma-mocha': '^0.2.0',
78 silly install resolved        'karma-phantomjs-launcher': '^0.2.0',
78 silly install resolved        mocha: '^2.2.4',
78 silly install resolved        'phantomjs-prebuilt': '^2.1.1' },
78 silly install resolved     dependencies: {},
78 silly install resolved     gitHead: '0887aa096db14cde29a039a81f34abc190dbc996',
78 silly install resolved     description: 'ngStorage =========',
78 silly install resolved     bugs: { url: 'https://github.com/gsklee/ngStorage/issues' },
78 silly install resolved     homepage: 'https://github.com/gsklee/ngStorage#readme',
78 silly install resolved     _id: 'ngstorage@0.3.11',
78 silly install resolved     _shasum: '1637c45b872d909d9cc7e18b374898d50b2e844f',
78 silly install resolved     _from: 'ngstorage@latest',
78 silly install resolved     _npmVersion: '2.15.1',
78 silly install resolved     _nodeVersion: '0.12.14',
78 silly install resolved     _npmUser: { name: 'egilkh', email: 'egilkh@gmail.com' },
78 silly install resolved     dist:
78 silly install resolved      { shasum: '1637c45b872d909d9cc7e18b374898d50b2e844f',
78 silly install resolved        tarball: 'https://registry.npmjs.org/ngstorage/-/ngstorage-0.3.11.tgz' },
78 silly install resolved     maintainers: [ [Object] ],
78 silly install resolved     _npmOperationalInternal:
78 silly install resolved      { host: 'packages-12-west.internal.npmjs.com',
78 silly install resolved        tmp: 'tmp/ngstorage-0.3.11.tgz_1470033811992_0.22283236496150494' },
78 silly install resolved     directories: {},
78 silly install resolved     _resolved: 'https://registry.npmjs.org/ngstorage/-/ngstorage-0.3.11.tgz' } ]
79 info install ngstorage@0.3.11 into C:\Users\bscott\Desktop\fhir-reader
80 info installOne ngstorage@0.3.11
81 verbose installOne of ngstorage to C:\Users\bscott\Desktop\fhir-reader not in flight; installing
82 verbose correctMkdir C:\Users\bscott\AppData\Roaming\npm-cache\_locks correctMkdir not in flight; initializing
83 verbose lock using C:\Users\bscott\AppData\Roaming\npm-cache\_locks\ngstorage-3876e6da5bd5f8b9.lock for C:\Users\bscott\Desktop\fhir-reader\node_modules\ngstorage
84 silly install write writing ngstorage 0.3.11 to C:\Users\bscott\Desktop\fhir-reader\node_modules\ngstorage
85 verbose unbuild node_modules\ngstorage
86 silly gentlyRm C:\Users\bscott\Desktop\fhir-reader\node_modules\ngstorage is being purged from base C:\Users\bscott\Desktop\fhir-reader
87 verbose gentlyRm don't care about contents; nuking C:\Users\bscott\Desktop\fhir-reader\node_modules\ngstorage
88 verbose tar unpack C:\Users\bscott\AppData\Roaming\npm-cache\ngstorage\0.3.11\package.tgz
89 verbose tar unpacking to C:\Users\bscott\Desktop\fhir-reader\node_modules\ngstorage
90 silly gentlyRm C:\Users\bscott\Desktop\fhir-reader\node_modules\ngstorage is being purged
91 verbose gentlyRm don't care about contents; nuking C:\Users\bscott\Desktop\fhir-reader\node_modules\ngstorage
92 silly gunzTarPerm modes [ '777', '666' ]
93 silly gunzTarPerm extractEntry package.json
94 silly gunzTarPerm modified mode [ 'package.json', 420, 438 ]
95 silly gunzTarPerm extractEntry README.md
96 silly gunzTarPerm modified mode [ 'README.md', 420, 438 ]
97 silly gunzTarPerm extractEntry LICENSE
98 silly gunzTarPerm modified mode [ 'LICENSE', 420, 438 ]
99 silly gunzTarPerm extractEntry ngStorage.js
100 silly gunzTarPerm modified mode [ 'ngStorage.js', 420, 438 ]
101 silly gunzTarPerm extractEntry ngStorage.min.js
102 silly gunzTarPerm modified mode [ 'ngStorage.min.js', 420, 438 ]
103 silly gunzTarPerm extractEntry CHANGELOG.md
104 silly gunzTarPerm modified mode [ 'CHANGELOG.md', 420, 438 ]
105 verbose write writing to C:\Users\bscott\Desktop\fhir-reader\node_modules\ngstorage\package.json
106 info preinstall ngstorage@0.3.11
107 verbose readDependencies loading dependencies from C:\Users\bscott\Desktop\fhir-reader\node_modules\ngstorage\package.json
108 verbose readDependencies loading dependencies from C:\Users\bscott\Desktop\fhir-reader\node_modules\ngstorage\package.json
109 silly install resolved []
110 verbose about to build C:\Users\bscott\Desktop\fhir-reader\node_modules\ngstorage
111 info build C:\Users\bscott\Desktop\fhir-reader\node_modules\ngstorage
112 info linkStuff ngstorage@0.3.11
113 silly linkStuff ngstorage@0.3.11 has C:\Users\bscott\Desktop\fhir-reader\node_modules as its parent node_modules
114 verbose linkBins ngstorage@0.3.11
115 verbose linkMans ngstorage@0.3.11
116 verbose rebuildBundles ngstorage@0.3.11
117 info install ngstorage@0.3.11
118 info postinstall ngstorage@0.3.11
119 verbose unlock done using C:\Users\bscott\AppData\Roaming\npm-cache\_locks\ngstorage-3876e6da5bd5f8b9.lock for C:\Users\bscott\Desktop\fhir-reader\node_modules\ngstorage
120 verbose validateInstall loading C:\Users\bscott\Desktop\fhir-reader\package.json for validation
121 verbose stack Error: The package angular-material@1.1.1-master-f6dedff does not satisfy its siblings' peerDependencies requirements!
121 verbose stack     at C:\Program Files\nodejs\node_modules\npm\lib\install.js:125:32
121 verbose stack     at C:\Program Files\nodejs\node_modules\npm\lib\install.js:268:7
121 verbose stack     at C:\Program Files\nodejs\node_modules\npm\node_modules\read-installed\read-installed.js:142:5
121 verbose stack     at C:\Program Files\nodejs\node_modules\npm\node_modules\read-installed\read-installed.js:263:14
121 verbose stack     at cb (C:\Program Files\nodejs\node_modules\npm\node_modules\slide\lib\async-map.js:47:24)
121 verbose stack     at C:\Program Files\nodejs\node_modules\npm\node_modules\read-installed\read-installed.js:263:14
121 verbose stack     at cb (C:\Program Files\nodejs\node_modules\npm\node_modules\slide\lib\async-map.js:47:24)
121 verbose stack     at C:\Program Files\nodejs\node_modules\npm\node_modules\read-installed\read-installed.js:263:14
121 verbose stack     at cb (C:\Program Files\nodejs\node_modules\npm\node_modules\slide\lib\async-map.js:47:24)
121 verbose stack     at C:\Program Files\nodejs\node_modules\npm\node_modules\read-installed\read-installed.js:263:14
122 verbose cwd C:\Users\bscott\Desktop\fhir-reader
123 error Windows_NT 6.1.7601
124 error argv "C:\\Program Files\\nodejs\\node.exe" "C:\\Program Files\\nodejs\\node_modules\\npm\\bin\\npm-cli.js" "install" "ngstorage"
125 error node v4.4.4
126 error npm  v2.15.1
127 error code EPEERINVALID
128 error peerinvalid The package angular-material@1.1.1-master-f6dedff does not satisfy its siblings' peerDependencies requirements!
128 error peerinvalid Peer angular-material-data-table@0.10.9 wants angular-material@^1.0.0
129 verbose exit [ 1, true ]
